2026-07-01 11:43:04,835 - DEBUG - trading_bot - [client.py:49] - Syncing clock with Binance server...
2026-07-01 11:43:05,656 - INFO - trading_bot - [client.py:63] - Clock synced. Server offset: 270ms (RTT: 410ms)
2026-07-01 11:43:05,659 - DEBUG - trading_bot - [orders.py:86] - Fetching account balances...
2026-07-01 11:43:05,659 - DEBUG - trading_bot - [client.py:114] - API Request: GET https://testnet.binancefuture.com/fapi/v3/balance - Params: {'timestamp': 1782886385929, 'signature': '[REDACTED_SIGNATURE]'}
2026-07-01 11:43:05,919 - DEBUG - trading_bot - [client.py:127] - API Response status: 401
2026-07-01 11:43:05,919 - ERROR - trading_bot - [client.py:143] - Binance API returned error status 401: code=-2015, msg='Invalid API-key, IP, or permissions for action'
2026-07-01 11:43:05,919 - WARNING - trading_bot - [cli.py:227] - Could not retrieve balances: Binance API Error -2015: Invalid API-key, IP, or permissions for action (HTTP 401)
2026-07-01 11:43:05,925 - INFO - trading_bot - [orders.py:31] - Placing MARKET BUY order for 0.001 BTCUSDT...
2026-07-01 11:43:05,926 - DEBUG - trading_bot - [client.py:114] - API Request: POST https://testnet.binancefuture.com/fapi/v1/order - Params: {'symbol': 'BTCUSDT', 'side': 'BUY', 'type': 'MARKET', 'quantity': '0.001', 'timestamp': 1782886386195, 'signature': '[REDACTED_SIGNATURE]'}
2026-07-01 11:43:06,178 - DEBUG - trading_bot - [client.py:127] - API Response status: 401
2026-07-01 11:43:06,178 - ERROR - trading_bot - [client.py:143] - Binance API returned error status 401: code=-2015, msg='Invalid API-key, IP, or permissions for action'
2026-07-01 11:43:06,178 - ERROR - trading_bot - [orders.py:66] - Failed to place order: Binance API Error -2015: Invalid API-key, IP, or permissions for action (HTTP 401)
2026-07-01 11:45:08,831 - DEBUG - trading_bot - [client.py:49] - Syncing clock with Binance server...
2026-07-01 11:45:10,968 - INFO - trading_bot - [client.py:63] - Clock synced. Server offset: 1008ms (RTT: 1068ms)
2026-07-01 11:45:10,972 - DEBUG - trading_bot - [orders.py:86] - Fetching account balances...
2026-07-01 11:45:10,973 - DEBUG - trading_bot - [client.py:114] - API Request: GET https://testnet.binancefuture.com/fapi/v3/balance - Params: {'timestamp': 1782886511981, 'signature': '[REDACTED_SIGNATURE]'}
2026-07-01 11:45:11,211 - DEBUG - trading_bot - [client.py:127] - API Response status: 401
2026-07-01 11:45:11,211 - ERROR - trading_bot - [client.py:143] - Binance API returned error status 401: code=-2015, msg='Invalid API-key, IP, or permissions for action'
2026-07-01 11:45:11,212 - WARNING - trading_bot - [cli.py:227] - Could not retrieve balances: Binance API Error -2015: Invalid API-key, IP, or permissions for action (HTTP 401)
2026-07-01 11:45:11,215 - INFO - trading_bot - [orders.py:31] - Placing MARKET BUY order for 0.001 BTCUSDT...
2026-07-01 11:45:11,215 - DEBUG - trading_bot - [client.py:114] - API Request: POST https://testnet.binancefuture.com/fapi/v1/order - Params: {'symbol': 'BTCUSDT', 'side': 'BUY', 'type': 'MARKET', 'quantity': '0.001', 'timestamp': 1782886512223, 'signature': '[REDACTED_SIGNATURE]'}
2026-07-01 11:45:11,448 - DEBUG - trading_bot - [client.py:127] - API Response status: 401
2026-07-01 11:45:11,448 - ERROR - trading_bot - [client.py:143] - Binance API returned error status 401: code=-2015, msg='Invalid API-key, IP, or permissions for action'
2026-07-01 11:45:11,448 - ERROR - trading_bot - [orders.py:66] - Failed to place order: Binance API Error -2015: Invalid API-key, IP, or permissions for action (HTTP 401)
2026-07-01 11:45:43,250 - DEBUG - trading_bot - [client.py:49] - Syncing clock with Binance server...
2026-07-01 11:45:43,479 - INFO - trading_bot - [client.py:63] - Clock synced. Server offset: 60ms (RTT: 114ms)
2026-07-01 11:45:43,480 - DEBUG - trading_bot - [orders.py:86] - Fetching account balances...
2026-07-01 11:45:43,480 - DEBUG - trading_bot - [client.py:114] - API Request: GET https://testnet.binancefuture.com/fapi/v3/balance - Params: {'timestamp': 1782886543540, 'signature': '[REDACTED_SIGNATURE]'}
2026-07-01 11:45:43,717 - DEBUG - trading_bot - [client.py:127] - API Response status: 401
2026-07-01 11:45:43,717 - ERROR - trading_bot - [client.py:143] - Binance API returned error status 401: code=-2015, msg='Invalid API-key, IP, or permissions for action'
2026-07-01 11:45:43,717 - WARNING - trading_bot - [cli.py:227] - Could not retrieve balances: Binance API Error -2015: Invalid API-key, IP, or permissions for action (HTTP 401)
2026-07-01 11:45:43,718 - INFO - trading_bot - [orders.py:31] - Placing MARKET BUY order for 0.001 BTCUSDT...
2026-07-01 11:45:43,718 - DEBUG - trading_bot - [client.py:114] - API Request: POST https://testnet.binancefuture.com/fapi/v1/order - Params: {'symbol': 'BTCUSDT', 'side': 'BUY', 'type': 'MARKET', 'quantity': '0.001', 'timestamp': 1782886543778, 'signature': '[REDACTED_SIGNATURE]'}
2026-07-01 11:45:43,940 - DEBUG - trading_bot - [client.py:127] - API Response status: 401
2026-07-01 11:45:43,940 - ERROR - trading_bot - [client.py:143] - Binance API returned error status 401: code=-2015, msg='Invalid API-key, IP, or permissions for action'
2026-07-01 11:45:43,940 - ERROR - trading_bot - [orders.py:66] - Failed to place order: Binance API Error -2015: Invalid API-key, IP, or permissions for action (HTTP 401)
2026-07-01 11:46:09,106 - DEBUG - trading_bot - [client.py:49] - Syncing clock with Binance server...
2026-07-01 11:46:09,651 - INFO - trading_bot - [client.py:63] - Clock synced. Server offset: 220ms (RTT: 272ms)
2026-07-01 11:46:09,654 - DEBUG - trading_bot - [orders.py:86] - Fetching account balances...
2026-07-01 11:46:09,654 - DEBUG - trading_bot - [client.py:114] - API Request: GET https://demo-fapi.binance.com/fapi/v3/balance - Params: {'timestamp': 1782886569874, 'signature': '[REDACTED_SIGNATURE]'}
2026-07-01 11:46:10,165 - DEBUG - trading_bot - [client.py:127] - API Response status: 401
2026-07-01 11:46:10,166 - ERROR - trading_bot - [client.py:143] - Binance API returned error status 401: code=-2015, msg='Invalid API-key, IP, or permissions for action'
2026-07-01 11:46:10,166 - WARNING - trading_bot - [cli.py:227] - Could not retrieve balances: Binance API Error -2015: Invalid API-key, IP, or permissions for action (HTTP 401)
2026-07-01 11:46:10,170 - INFO - trading_bot - [orders.py:31] - Placing MARKET BUY order for 0.001 BTCUSDT...
2026-07-01 11:46:10,171 - DEBUG - trading_bot - [client.py:114] - API Request: POST https://demo-fapi.binance.com/fapi/v1/order - Params: {'symbol': 'BTCUSDT', 'side': 'BUY', 'type': 'MARKET', 'quantity': '0.001', 'timestamp': 1782886570391, 'signature': '[REDACTED_SIGNATURE]'}
2026-07-01 11:46:10,678 - DEBUG - trading_bot - [client.py:127] - API Response status: 401
2026-07-01 11:46:10,679 - ERROR - trading_bot - [client.py:143] - Binance API returned error status 401: code=-2015, msg='Invalid API-key, IP, or permissions for action'
2026-07-01 11:46:10,679 - ERROR - trading_bot - [orders.py:66] - Failed to place order: Binance API Error -2015: Invalid API-key, IP, or permissions for action (HTTP 401)
2026-07-01 11:55:58,035 - DEBUG - trading_bot - [client.py:49] - Syncing clock with Binance server...
2026-07-01 11:55:58,773 - INFO - trading_bot - [client.py:63] - Clock synced. Server offset: 314ms (RTT: 368ms)
2026-07-01 11:55:58,776 - DEBUG - trading_bot - [orders.py:86] - Fetching account balances...
2026-07-01 11:55:58,776 - DEBUG - trading_bot - [client.py:114] - API Request: GET https://demo-fapi.binance.com/fapi/v3/balance - Params: {'timestamp': 1782887159090, 'signature': '[REDACTED_SIGNATURE]'}
2026-07-01 11:55:59,370 - DEBUG - trading_bot - [client.py:127] - API Response status: 200
2026-07-01 11:55:59,370 - DEBUG - trading_bot - [client.py:151] - API Response data: [{'accountAlias': 'uX', 'asset': 'FDUSD', 'balance': '0.00000000', 'crossWalletBalance': '0.00000000', 'crossUnPnl': '0.00000000', 'availableBalance': '0.00000000', 'maxWithdrawAmount': '0.00000000', 'marginAvailable': True, 'updateTime': 0}, {'accountAlias': 'uX', 'asset': 'U', 'balance': '0.00000000', 'crossWalletBalance': '0.00000000', 'crossUnPnl': '0.00000000', 'availableBalance': '0.00000000', 'maxWithdrawAmount': '0.00000000', 'marginAvailable': True, 'updateTime': 0}, {'accountAlias': 'uX', 'asset': 'BNB', 'balance': '0.00000000', 'crossWalletBalance': '0.00000000', 'crossUnPnl': '0.00000000', 'availableBalance': '0.00000000', 'maxWithdrawAmount': '0.00000000', 'marginAvailable': True, 'updateTime': 0}, {'accountAlias': 'uX', 'asset': 'ETH', 'balance': '0.00000000', 'crossWalletBalance': '0.00000000', 'crossUnPnl': '0.00000000', 'availableBalance': '0.00000000', 'maxWithdrawAmount': '0.00000000', 'marginAvailable': True, 'updateTime': 0}, {'accountAlias': 'uX', 'asset': 'BTC', 'balance': '0.01000000', 'crossWalletBalance': '0.01000000', 'crossUnPnl': '0.00000000', 'availableBalance': '0.01000000', 'maxWithdrawAmount': '0.01000000', 'marginAvailable': True, 'updateTime': 1782886659686}, {'accountAlias': 'uX', 'asset': 'USDT', 'balance': '5000.00000000', 'crossWalletBalance': '5000.00000000', 'crossUnPnl': '0.00000000', 'availableBalance': '5000.00000000', 'maxWithdrawAmount': '5000.00000000', 'marginAvailable': True, 'updateTime': 1782886659602}, {'accountAlias': 'uX', 'asset': 'USD1', 'balance': '0.00000000', 'crossWalletBalance': '0.00000000', 'crossUnPnl': '0.00000000', 'availableBalance': '0.00000000', 'maxWithdrawAmount': '0.00000000', 'marginAvailable': True, 'updateTime': 0}, {'accountAlias': 'uX', 'asset': 'USDC', 'balance': '5000.00000000', 'crossWalletBalance': '5000.00000000', 'crossUnPnl': '0.00000000', 'availableBalance': '5000.00000000', 'maxWithdrawAmount': '5000.00000000', 'marginAvailable': True, 'updateTime': 1782886659645}]
2026-07-01 11:55:59,379 - INFO - trading_bot - [orders.py:31] - Placing MARKET BUY order for 0.001 BTCUSDT...
2026-07-01 11:55:59,379 - DEBUG - trading_bot - [client.py:114] - API Request: POST https://demo-fapi.binance.com/fapi/v1/order - Params: {'symbol': 'BTCUSDT', 'side': 'BUY', 'type': 'MARKET', 'quantity': '0.001', 'timestamp': 1782887159693, 'signature': '[REDACTED_SIGNATURE]'}
2026-07-01 11:55:59,912 - DEBUG - trading_bot - [client.py:127] - API Response status: 200
2026-07-01 11:55:59,912 - DEBUG - trading_bot - [client.py:151] - API Response data: {'orderId': 18171762030, 'symbol': 'BTCUSDT', 'status': 'NEW', 'clientOrderId': 'NP1KPhIrZ8DSiNizqVZ9Kz', 'price': '0.00', 'origQty': '0.0010', 'executedQty': '0.0000', 'cumQty': '0.0000', 'timeInForce': 'GTC', 'type': 'MARKET', 'reduceOnly': False, 'closePosition': False, 'side': 'BUY', 'positionSide': 'BOTH', 'stopPrice': '0.00', 'workingType': 'CONTRACT_PRICE', 'priceProtect': False, 'origType': 'MARKET', 'priceMatch': 'NONE', 'selfTradePreventionMode': 'EXPIRE_MAKER', 'goodTillDate': 0, 'updateTime': 1782887159857}
2026-07-01 11:55:59,914 - INFO - trading_bot - [orders.py:63] - Order placed successfully. ID: 18171762030, Status: NEW
2026-07-01 11:56:20,202 - DEBUG - trading_bot - [client.py:49] - Syncing clock with Binance server...
2026-07-01 11:56:20,708 - INFO - trading_bot - [client.py:63] - Clock synced. Server offset: 203ms (RTT: 253ms)
2026-07-01 11:56:20,711 - DEBUG - trading_bot - [orders.py:86] - Fetching account balances...
2026-07-01 11:56:20,712 - DEBUG - trading_bot - [client.py:114] - API Request: GET https://demo-fapi.binance.com/fapi/v3/balance - Params: {'timestamp': 1782887180914, 'signature': '[REDACTED_SIGNATURE]'}
2026-07-01 11:56:21,228 - DEBUG - trading_bot - [client.py:127] - API Response status: 200
2026-07-01 11:56:21,228 - DEBUG - trading_bot - [client.py:151] - API Response data: [{'accountAlias': 'uX', 'asset': 'FDUSD', 'balance': '0.00000000', 'crossWalletBalance': '0.00000000', 'crossUnPnl': '0.00000000', 'availableBalance': '0.00000000', 'maxWithdrawAmount': '0.00000000', 'marginAvailable': True, 'updateTime': 0}, {'accountAlias': 'uX', 'asset': 'U', 'balance': '0.00000000', 'crossWalletBalance': '0.00000000', 'crossUnPnl': '0.00000000', 'availableBalance': '0.00000000', 'maxWithdrawAmount': '0.00000000', 'marginAvailable': True, 'updateTime': 0}, {'accountAlias': 'uX', 'asset': 'BNB', 'balance': '0.00000000', 'crossWalletBalance': '0.00000000', 'crossUnPnl': '0.00000000', 'availableBalance': '0.00000000', 'maxWithdrawAmount': '0.00000000', 'marginAvailable': True, 'updateTime': 0}, {'accountAlias': 'uX', 'asset': 'ETH', 'balance': '0.00000000', 'crossWalletBalance': '0.00000000', 'crossUnPnl': '0.00000000', 'availableBalance': '0.00000000', 'maxWithdrawAmount': '0.00000000', 'marginAvailable': True, 'updateTime': 0}, {'accountAlias': 'uX', 'asset': 'BTC', 'balance': '0.01000000', 'crossWalletBalance': '0.01000000', 'crossUnPnl': '0.00000000', 'availableBalance': '0.01000000', 'maxWithdrawAmount': '0.01000000', 'marginAvailable': True, 'updateTime': 1782886659686}, {'accountAlias': 'uX', 'asset': 'USDT', 'balance': '4999.97647865', 'crossWalletBalance': '4999.97647865', 'crossUnPnl': '-0.03639000', 'availableBalance': '4996.99963865', 'maxWithdrawAmount': '4996.99963865', 'marginAvailable': True, 'updateTime': 1782887159857}, {'accountAlias': 'uX', 'asset': 'USD1', 'balance': '0.00000000', 'crossWalletBalance': '0.00000000', 'crossUnPnl': '0.00000000', 'availableBalance': '0.00000000', 'maxWithdrawAmount': '0.00000000', 'marginAvailable': True, 'updateTime': 0}, {'accountAlias': 'uX', 'asset': 'USDC', 'balance': '5000.00000000', 'crossWalletBalance': '5000.00000000', 'crossUnPnl': '0.00000000', 'availableBalance': '5000.00000000', 'maxWithdrawAmount': '5000.00000000', 'marginAvailable': True, 'updateTime': 1782886659645}]
2026-07-01 11:56:21,235 - INFO - trading_bot - [orders.py:31] - Placing LIMIT BUY order for 0.001 BTCUSDT...
2026-07-01 11:56:21,235 - DEBUG - trading_bot - [client.py:114] - API Request: POST https://demo-fapi.binance.com/fapi/v1/order - Params: {'symbol': 'BTCUSDT', 'side': 'BUY', 'type': 'LIMIT', 'quantity': '0.001', 'price': '40000.0', 'timeInForce': 'GTC', 'timestamp': 1782887181438, 'signature': '[REDACTED_SIGNATURE]'}
2026-07-01 11:56:21,742 - DEBUG - trading_bot - [client.py:127] - API Response status: 400
2026-07-01 11:56:21,742 - ERROR - trading_bot - [client.py:143] - Binance API returned error status 400: code=-4164, msg='Order's notional must be no smaller than 50 (unless you choose reduce only).'
2026-07-01 11:56:21,742 - ERROR - trading_bot - [orders.py:66] - Failed to place order: Binance API Error -4164: Order's notional must be no smaller than 50 (unless you choose reduce only). (HTTP 400)
2026-07-01 11:56:31,627 - DEBUG - trading_bot - [client.py:49] - Syncing clock with Binance server...
2026-07-01 11:56:32,119 - INFO - trading_bot - [client.py:63] - Clock synced. Server offset: 196ms (RTT: 245ms)
2026-07-01 11:56:32,121 - DEBUG - trading_bot - [orders.py:86] - Fetching account balances...
2026-07-01 11:56:32,121 - DEBUG - trading_bot - [client.py:114] - API Request: GET https://demo-fapi.binance.com/fapi/v3/balance - Params: {'timestamp': 1782887192317, 'signature': '[REDACTED_SIGNATURE]'}
2026-07-01 11:56:32,607 - DEBUG - trading_bot - [client.py:127] - API Response status: 200
2026-07-01 11:56:32,608 - DEBUG - trading_bot - [client.py:151] - API Response data: [{'accountAlias': 'uX', 'asset': 'FDUSD', 'balance': '0.00000000', 'crossWalletBalance': '0.00000000', 'crossUnPnl': '0.00000000', 'availableBalance': '0.00000000', 'maxWithdrawAmount': '0.00000000', 'marginAvailable': True, 'updateTime': 0}, {'accountAlias': 'uX', 'asset': 'U', 'balance': '0.00000000', 'crossWalletBalance': '0.00000000', 'crossUnPnl': '0.00000000', 'availableBalance': '0.00000000', 'maxWithdrawAmount': '0.00000000', 'marginAvailable': True, 'updateTime': 0}, {'accountAlias': 'uX', 'asset': 'BNB', 'balance': '0.00000000', 'crossWalletBalance': '0.00000000', 'crossUnPnl': '0.00000000', 'availableBalance': '0.00000000', 'maxWithdrawAmount': '0.00000000', 'marginAvailable': True, 'updateTime': 0}, {'accountAlias': 'uX', 'asset': 'ETH', 'balance': '0.00000000', 'crossWalletBalance': '0.00000000', 'crossUnPnl': '0.00000000', 'availableBalance': '0.00000000', 'maxWithdrawAmount': '0.00000000', 'marginAvailable': True, 'updateTime': 0}, {'accountAlias': 'uX', 'asset': 'BTC', 'balance': '0.01000000', 'crossWalletBalance': '0.01000000', 'crossUnPnl': '0.00000000', 'availableBalance': '0.01000000', 'maxWithdrawAmount': '0.01000000', 'marginAvailable': True, 'updateTime': 1782886659686}, {'accountAlias': 'uX', 'asset': 'USDT', 'balance': '4999.97647865', 'crossWalletBalance': '4999.97647865', 'crossUnPnl': '-0.02505387', 'availableBalance': '4997.00117184', 'maxWithdrawAmount': '4997.00117184', 'marginAvailable': True, 'updateTime': 1782887159857}, {'accountAlias': 'uX', 'asset': 'USD1', 'balance': '0.00000000', 'crossWalletBalance': '0.00000000', 'crossUnPnl': '0.00000000', 'availableBalance': '0.00000000', 'maxWithdrawAmount': '0.00000000', 'marginAvailable': True, 'updateTime': 0}, {'accountAlias': 'uX', 'asset': 'USDC', 'balance': '5000.00000000', 'crossWalletBalance': '5000.00000000', 'crossUnPnl': '0.00000000', 'availableBalance': '5000.00000000', 'maxWithdrawAmount': '5000.00000000', 'marginAvailable': True, 'updateTime': 1782886659645}]
2026-07-01 11:56:32,618 - INFO - trading_bot - [orders.py:31] - Placing LIMIT BUY order for 0.001 BTCUSDT...
2026-07-01 11:56:32,618 - DEBUG - trading_bot - [client.py:114] - API Request: POST https://demo-fapi.binance.com/fapi/v1/order - Params: {'symbol': 'BTCUSDT', 'side': 'BUY', 'type': 'LIMIT', 'quantity': '0.001', 'price': '60000.0', 'timeInForce': 'GTC', 'timestamp': 1782887192814, 'signature': '[REDACTED_SIGNATURE]'}
2026-07-01 11:56:33,146 - DEBUG - trading_bot - [client.py:127] - API Response status: 200
2026-07-01 11:56:33,146 - DEBUG - trading_bot - [client.py:151] - API Response data: {'orderId': 18171855232, 'symbol': 'BTCUSDT', 'status': 'NEW', 'clientOrderId': 'AfkxjCTXGuV6qhBCr86Tst', 'price': '60000.00', 'origQty': '0.0010', 'executedQty': '0.0000', 'cumQty': '0.0000', 'timeInForce': 'GTC', 'type': 'LIMIT', 'reduceOnly': False, 'closePosition': False, 'side': 'BUY', 'positionSide': 'BOTH', 'stopPrice': '0.00', 'workingType': 'CONTRACT_PRICE', 'priceProtect': False, 'origType': 'LIMIT', 'priceMatch': 'NONE', 'selfTradePreventionMode': 'EXPIRE_MAKER', 'goodTillDate': 0, 'updateTime': 1782887193097}
2026-07-01 11:56:33,147 - INFO - trading_bot - [orders.py:63] - Order placed successfully. ID: 18171855232, Status: NEW
